<?xml version="1.0" encoding="UTF-8"?>
<!DOCTYPE coverage SYSTEM "http://cobertura.sourceforge.net/xml/coverage-04.dtd">
<coverage line-rate="0.90361446" branch-rate="0" version="" timestamp="1675684358167" lines-covered="225" lines-valid="249" branches-covered="0" branches-valid="0" complexity="0">
  <sources>
    <source>/home/runner/work/junit-xml-diff/junit-xml-diff</source>
  </sources>
  <packages>
    <package name="github.com/insightsengineering/junit-xml-diff" line-rate="0.90361446" branch-rate="0" complexity="0">
      <classes>
        <class name="-" filename="main.go" line-rate="0.90361446" branch-rate="0" complexity="0">
          <methods>
            <method name="checkError" signature="" line-rate="0.25" branch-rate="0" complexity="0">
              <lines>
                <line number="16" hits="231"></line>
                <line number="17" hits="0"></line>
                <line number="18" hits="0"></line>
                <line number="19" hits="0"></line>
              </lines>
            </method>
            <method name="getTestSuites" signature="" line-rate="1" branch-rate="0" complexity="0">
              <lines>
                <line number="78" hits="6"></line>
                <line number="79" hits="6"></line>
                <line number="80" hits="6"></line>
                <line number="81" hits="6"></line>
                <line number="82" hits="6"></line>
                <line number="83" hits="6"></line>
                <line number="84" hits="6"></line>
                <line number="85" hits="90"></line>
                <line number="86" hits="90"></line>
                <line number="87" hits="90"></line>
                <line number="88" hits="90"></line>
                <line number="89" hits="90"></line>
                <line number="90" hits="90"></line>
                <line number="91" hits="6"></line>
              </lines>
            </method>
            <method name="getTestCases" signature="" line-rate="1" branch-rate="0" complexity="0">
              <lines>
                <line number="94" hits="6"></line>
                <line number="95" hits="6"></line>
                <line number="96" hits="6"></line>
                <line number="97" hits="6"></line>
                <line number="98" hits="90"></line>
                <line number="99" hits="90"></line>
                <line number="100" hits="108"></line>
                <line number="101" hits="108"></line>
                <line number="102" hits="108"></line>
                <line number="103" hits="108"></line>
                <line number="104" hits="108"></line>
                <line number="105" hits="108"></line>
                <line number="106" hits="6"></line>
                <line number="107" hits="6"></line>
                <line number="108" hits="6"></line>
                <line number="109" hits="6"></line>
                <line number="110" hits="102"></line>
                <line number="111" hits="102"></line>
                <line number="112" hits="102"></line>
                <line number="113" hits="102"></line>
                <line number="114" hits="102"></line>
                <line number="115" hits="102"></line>
                <line number="116" hits="102"></line>
                <line number="117" hits="102"></line>
                <line number="120" hits="6"></line>
              </lines>
            </method>
            <method name="formatFloat" signature="" line-rate="1" branch-rate="0" complexity="0">
              <lines>
                <line number="123" hits="157"></line>
                <line number="124" hits="40"></line>
                <line number="125" hits="40"></line>
                <line number="126" hits="40"></line>
                <line number="127" hits="117"></line>
                <line number="128" hits="44"></line>
                <line number="129" hits="44"></line>
                <line number="130" hits="44"></line>
                <line number="131" hits="117"></line>
              </lines>
            </method>
            <method name="getDiffEmoji" signature="" line-rate="0.85714287" branch-rate="0" complexity="0">
              <lines>
                <line number="134" hits="51"></line>
                <line number="135" hits="39"></line>
                <line number="136" hits="39"></line>
                <line number="137" hits="12"></line>
                <line number="138" hits="12"></line>
                <line number="139" hits="12"></line>
                <line number="140" hits="0"></line>
              </lines>
            </method>
            <method name="formatInt" signature="" line-rate="1" branch-rate="0" complexity="0">
              <lines>
                <line number="143" hits="180"></line>
                <line number="144" hits="180"></line>
                <line number="145" hits="22"></line>
                <line number="146" hits="22"></line>
                <line number="147" hits="22"></line>
                <line number="148" hits="180"></line>
              </lines>
            </method>
            <method name="compareTestCases" signature="" line-rate="1" branch-rate="0" complexity="0">
              <lines>
                <line number="151" hits="3"></line>
                <line number="152" hits="3"></line>
                <line number="153" hits="3"></line>
                <line number="154" hits="3"></line>
                <line number="155" hits="3"></line>
                <line number="156" hits="3"></line>
                <line number="157" hits="51"></line>
                <line number="158" hits="51"></line>
                <line number="159" hits="47"></line>
                <line number="160" hits="47"></line>
                <line number="161" hits="47"></line>
                <line number="162" hits="8"></line>
                <line number="163" hits="8"></line>
                <line number="164" hits="8"></line>
                <line number="165" hits="8"></line>
                <line number="166" hits="8"></line>
                <line number="167" hits="8"></line>
                <line number="168" hits="8"></line>
                <line number="169" hits="8"></line>
                <line number="170" hits="8"></line>
                <line number="171" hits="8"></line>
                <line number="172" hits="8"></line>
                <line number="173" hits="4"></line>
                <line number="174" hits="4"></line>
                <line number="175" hits="4"></line>
                <line number="176" hits="4"></line>
                <line number="177" hits="4"></line>
                <line number="178" hits="4"></line>
                <line number="179" hits="4"></line>
                <line number="180" hits="4"></line>
                <line number="181" hits="4"></line>
                <line number="182" hits="4"></line>
                <line number="183" hits="4"></line>
                <line number="186" hits="3"></line>
                <line number="187" hits="51"></line>
                <line number="188" hits="4"></line>
                <line number="189" hits="4"></line>
                <line number="190" hits="4"></line>
                <line number="191" hits="4"></line>
                <line number="192" hits="4"></line>
                <line number="193" hits="4"></line>
                <line number="194" hits="4"></line>
                <line number="195" hits="4"></line>
                <line number="196" hits="4"></line>
                <line number="197" hits="4"></line>
                <line number="198" hits="4"></line>
                <line number="200" hits="3"></line>
              </lines>
            </method>
            <method name="compareTestSuites" signature="" line-rate="1" branch-rate="0" complexity="0">
              <lines>
                <line number="203" hits="3"></line>
                <line number="204" hits="3"></line>
                <line number="205" hits="3"></line>
                <line number="206" hits="3"></line>
                <line number="207" hits="3"></line>
                <line number="208" hits="3"></line>
                <line number="209" hits="3"></line>
                <line number="210" hits="3"></line>
                <line number="211" hits="3"></line>
                <line number="212" hits="3"></line>
                <line number="213" hits="45"></line>
                <line number="214" hits="45"></line>
                <line number="215" hits="45"></line>
                <line number="216" hits="45"></line>
                <line number="217" hits="45"></line>
                <line number="218" hits="45"></line>
                <line number="219" hits="45"></line>
                <line number="220" hits="45"></line>
                <line number="221" hits="45"></line>
                <line number="222" hits="45"></line>
                <line number="223" hits="45"></line>
                <line number="224" hits="45"></line>
                <line number="225" hits="44"></line>
                <line number="226" hits="44"></line>
                <line number="227" hits="44"></line>
                <line number="228" hits="44"></line>
                <line number="229" hits="44"></line>
                <line number="230" hits="44"></line>
                <line number="231" hits="43"></line>
                <line number="232" hits="43"></line>
                <line number="233" hits="43"></line>
                <line number="234" hits="43"></line>
                <line number="235" hits="43"></line>
                <line number="236" hits="43"></line>
                <line number="237" hits="43"></line>
                <line number="238" hits="43"></line>
                <line number="239" hits="43"></line>
                <line number="240" hits="43"></line>
                <line number="241" hits="43"></line>
                <line number="242" hits="43"></line>
                <line number="243" hits="1"></line>
                <line number="244" hits="1"></line>
                <line number="245" hits="1"></line>
                <line number="246" hits="1"></line>
                <line number="247" hits="1"></line>
                <line number="248" hits="1"></line>
                <line number="249" hits="1"></line>
                <line number="250" hits="1"></line>
                <line number="251" hits="1"></line>
                <line number="252" hits="1"></line>
                <line number="253" hits="1"></line>
                <line number="254" hits="1"></line>
                <line number="257" hits="3"></line>
                <line number="258" hits="45"></line>
                <line number="259" hits="45"></line>
                <line number="260" hits="1"></line>
                <line number="261" hits="1"></line>
                <line number="262" hits="1"></line>
                <line number="263" hits="1"></line>
                <line number="264" hits="1"></line>
                <line number="265" hits="1"></line>
                <line number="266" hits="1"></line>
                <line number="267" hits="1"></line>
                <line number="268" hits="1"></line>
                <line number="269" hits="1"></line>
                <line number="270" hits="1"></line>
                <line number="271" hits="1"></line>
                <line number="272" hits="1"></line>
                <line number="273" hits="1"></line>
                <line number="275" hits="3"></line>
              </lines>
            </method>
            <method name="compareXMLReports" signature="" line-rate="0.92156863" branch-rate="0" complexity="0">
              <lines>
                <line number="278" hits="3"></line>
                <line number="279" hits="3"></line>
                <line number="280" hits="3"></line>
                <line number="281" hits="3"></line>
                <line number="282" hits="3"></line>
                <line number="283" hits="3"></line>
                <line number="284" hits="3"></line>
                <line number="285" hits="3"></line>
                <line number="286" hits="3"></line>
                <line number="287" hits="3"></line>
                <line number="288" hits="3"></line>
                <line number="289" hits="3"></line>
                <line number="290" hits="3"></line>
                <line number="291" hits="3"></line>
                <line number="292" hits="3"></line>
                <line number="293" hits="3"></line>
                <line number="294" hits="3"></line>
                <line number="295" hits="3"></line>
                <line number="296" hits="3"></line>
                <line number="297" hits="3"></line>
                <line number="298" hits="3"></line>
                <line number="299" hits="3"></line>
                <line number="300" hits="3"></line>
                <line number="301" hits="3"></line>
                <line number="302" hits="3"></line>
                <line number="303" hits="3"></line>
                <line number="304" hits="3"></line>
                <line number="305" hits="3"></line>
                <line number="306" hits="3"></line>
                <line number="307" hits="3"></line>
                <line number="308" hits="3"></line>
                <line number="309" hits="3"></line>
                <line number="310" hits="3"></line>
                <line number="312" hits="1"></line>
                <line number="313" hits="1"></line>
                <line number="314" hits="1"></line>
                <line number="315" hits="1"></line>
                <line number="316" hits="1"></line>
                <line number="317" hits="1"></line>
                <line number="318" hits="1"></line>
                <line number="319" hits="1"></line>
                <line number="320" hits="0"></line>
                <line number="321" hits="0"></line>
                <line number="322" hits="0"></line>
                <line number="323" hits="0"></line>
                <line number="327" hits="3"></line>
                <line number="328" hits="3"></line>
                <line number="329" hits="3"></line>
                <line number="330" hits="3"></line>
                <line number="331" hits="3"></line>
                <line number="332" hits="3"></line>
              </lines>
            </method>
            <method name="main" signature="" line-rate="0" branch-rate="0" complexity="0">
              <lines>
                <line number="368" hits="0"></line>
                <line number="369" hits="0"></line>
                <line number="370" hits="0"></line>
                <line number="371" hits="0"></line>
                <line number="372" hits="0"></line>
                <line number="373" hits="0"></line>
                <line number="374" hits="0"></line>
                <line number="375" hits="0"></line>
                <line number="377" hits="0"></line>
                <line number="378" hits="0"></line>
                <line number="379" hits="0"></line>
                <line number="380" hits="0"></line>
                <line number="381" hits="0"></line>
                <line number="382" hits="0"></line>
                <line number="383" hits="0"></line>
                <line number="384" hits="0"></line>
              </lines>
            </method>
          </methods>
          <lines>
            <line number="16" hits="231"></line>
            <line number="17" hits="0"></line>
            <line number="18" hits="0"></line>
            <line number="19" hits="0"></line>
            <line number="78" hits="6"></line>
            <line number="79" hits="6"></line>
            <line number="80" hits="6"></line>
            <line number="81" hits="6"></line>
            <line number="82" hits="6"></line>
            <line number="83" hits="6"></line>
            <line number="84" hits="6"></line>
            <line number="85" hits="90"></line>
            <line number="86" hits="90"></line>
            <line number="87" hits="90"></line>
            <line number="88" hits="90"></line>
            <line number="89" hits="90"></line>
            <line number="90" hits="90"></line>
            <line number="91" hits="6"></line>
            <line number="94" hits="6"></line>
            <line number="95" hits="6"></line>
            <line number="96" hits="6"></line>
            <line number="97" hits="6"></line>
            <line number="98" hits="90"></line>
            <line number="99" hits="90"></line>
            <line number="100" hits="108"></line>
            <line number="101" hits="108"></line>
            <line number="102" hits="108"></line>
            <line number="103" hits="108"></line>
            <line number="104" hits="108"></line>
            <line number="105" hits="108"></line>
            <line number="106" hits="6"></line>
            <line number="107" hits="6"></line>
            <line number="108" hits="6"></line>
            <line number="109" hits="6"></line>
            <line number="110" hits="102"></line>
            <line number="111" hits="102"></line>
            <line number="112" hits="102"></line>
            <line number="113" hits="102"></line>
            <line number="114" hits="102"></line>
            <line number="115" hits="102"></line>
            <line number="116" hits="102"></line>
            <line number="117" hits="102"></line>
            <line number="120" hits="6"></line>
            <line number="123" hits="157"></line>
            <line number="124" hits="40"></line>
            <line number="125" hits="40"></line>
            <line number="126" hits="40"></line>
            <line number="127" hits="117"></line>
            <line number="128" hits="44"></line>
            <line number="129" hits="44"></line>
            <line number="130" hits="44"></line>
            <line number="131" hits="117"></line>
            <line number="134" hits="51"></line>
            <line number="135" hits="39"></line>
            <line number="136" hits="39"></line>
            <line number="137" hits="12"></line>
            <line number="138" hits="12"></line>
            <line number="139" hits="12"></line>
            <line number="140" hits="0"></line>
            <line number="143" hits="180"></line>
            <line number="144" hits="180"></line>
            <line number="145" hits="22"></line>
            <line number="146" hits="22"></line>
            <line number="147" hits="22"></line>
            <line number="148" hits="180"></line>
            <line number="151" hits="3"></line>
            <line number="152" hits="3"></line>
            <line number="153" hits="3"></line>
            <line number="154" hits="3"></line>
            <line number="155" hits="3"></line>
            <line number="156" hits="3"></line>
            <line number="157" hits="51"></line>
            <line number="158" hits="51"></line>
            <line number="159" hits="47"></line>
            <line number="160" hits="47"></line>
            <line number="161" hits="47"></line>
            <line number="162" hits="8"></line>
            <line number="163" hits="8"></line>
            <line number="164" hits="8"></line>
            <line number="165" hits="8"></line>
            <line number="166" hits="8"></line>
            <line number="167" hits="8"></line>
            <line number="168" hits="8"></line>
            <line number="169" hits="8"></line>
            <line number="170" hits="8"></line>
            <line number="171" hits="8"></line>
            <line number="172" hits="8"></line>
            <line number="173" hits="4"></line>
            <line number="174" hits="4"></line>
            <line number="175" hits="4"></line>
            <line number="176" hits="4"></line>
            <line number="177" hits="4"></line>
            <line number="178" hits="4"></line>
            <line number="179" hits="4"></line>
            <line number="180" hits="4"></line>
            <line number="181" hits="4"></line>
            <line number="182" hits="4"></line>
            <line number="183" hits="4"></line>
            <line number="186" hits="3"></line>
            <line number="187" hits="51"></line>
            <line number="188" hits="4"></line>
            <line number="189" hits="4"></line>
            <line number="190" hits="4"></line>
            <line number="191" hits="4"></line>
            <line number="192" hits="4"></line>
            <line number="193" hits="4"></line>
            <line number="194" hits="4"></line>
            <line number="195" hits="4"></line>
            <line number="196" hits="4"></line>
            <line number="197" hits="4"></line>
            <line number="198" hits="4"></line>
            <line number="200" hits="3"></line>
            <line number="203" hits="3"></line>
            <line number="204" hits="3"></line>
            <line number="205" hits="3"></line>
            <line number="206" hits="3"></line>
            <line number="207" hits="3"></line>
            <line number="208" hits="3"></line>
            <line number="209" hits="3"></line>
            <line number="210" hits="3"></line>
            <line number="211" hits="3"></line>
            <line number="212" hits="3"></line>
            <line number="213" hits="45"></line>
            <line number="214" hits="45"></line>
            <line number="215" hits="45"></line>
            <line number="216" hits="45"></line>
            <line number="217" hits="45"></line>
            <line number="218" hits="45"></line>
            <line number="219" hits="45"></line>
            <line number="220" hits="45"></line>
            <line number="221" hits="45"></line>
            <line number="222" hits="45"></line>
            <line number="223" hits="45"></line>
            <line number="224" hits="45"></line>
            <line number="225" hits="44"></line>
            <line number="226" hits="44"></line>
            <line number="227" hits="44"></line>
            <line number="228" hits="44"></line>
            <line number="229" hits="44"></line>
            <line number="230" hits="44"></line>
            <line number="231" hits="43"></line>
            <line number="232" hits="43"></line>
            <line number="233" hits="43"></line>
            <line number="234" hits="43"></line>
            <line number="235" hits="43"></line>
            <line number="236" hits="43"></line>
            <line number="237" hits="43"></line>
            <line number="238" hits="43"></line>
            <line number="239" hits="43"></line>
            <line number="240" hits="43"></line>
            <line number="241" hits="43"></line>
            <line number="242" hits="43"></line>
            <line number="243" hits="1"></line>
            <line number="244" hits="1"></line>
            <line number="245" hits="1"></line>
            <line number="246" hits="1"></line>
            <line number="247" hits="1"></line>
            <line number="248" hits="1"></line>
            <line number="249" hits="1"></line>
            <line number="250" hits="1"></line>
            <line number="251" hits="1"></line>
            <line number="252" hits="1"></line>
            <line number="253" hits="1"></line>
            <line number="254" hits="1"></line>
            <line number="257" hits="3"></line>
            <line number="258" hits="45"></line>
            <line number="259" hits="45"></line>
            <line number="260" hits="1"></line>
            <line number="261" hits="1"></line>
            <line number="262" hits="1"></line>
            <line number="263" hits="1"></line>
            <line number="264" hits="1"></line>
            <line number="265" hits="1"></line>
            <line number="266" hits="1"></line>
            <line number="267" hits="1"></line>
            <line number="268" hits="1"></line>
            <line number="269" hits="1"></line>
            <line number="270" hits="1"></line>
            <line number="271" hits="1"></line>
            <line number="272" hits="1"></line>
            <line number="273" hits="1"></line>
            <line number="275" hits="3"></line>
            <line number="278" hits="3"></line>
            <line number="279" hits="3"></line>
            <line number="280" hits="3"></line>
            <line number="281" hits="3"></line>
            <line number="282" hits="3"></line>
            <line number="283" hits="3"></line>
            <line number="284" hits="3"></line>
            <line number="285" hits="3"></line>
            <line number="286" hits="3"></line>
            <line number="287" hits="3"></line>
            <line number="288" hits="3"></line>
            <line number="289" hits="3"></line>
            <line number="290" hits="3"></line>
            <line number="291" hits="3"></line>
            <line number="292" hits="3"></line>
            <line number="293" hits="3"></line>
            <line number="294" hits="3"></line>
            <line number="295" hits="3"></line>
            <line number="296" hits="3"></line>
            <line number="297" hits="3"></line>
            <line number="298" hits="3"></line>
            <line number="299" hits="3"></line>
            <line number="300" hits="3"></line>
            <line number="301" hits="3"></line>
            <line number="302" hits="3"></line>
            <line number="303" hits="3"></line>
            <line number="304" hits="3"></line>
            <line number="305" hits="3"></line>
            <line number="306" hits="3"></line>
            <line number="307" hits="3"></line>
            <line number="308" hits="3"></line>
            <line number="309" hits="3"></line>
            <line number="310" hits="3"></line>
            <line number="312" hits="1"></line>
            <line number="313" hits="1"></line>
            <line number="314" hits="1"></line>
            <line number="315" hits="1"></line>
            <line number="316" hits="1"></line>
            <line number="317" hits="1"></line>
            <line number="318" hits="1"></line>
            <line number="319" hits="1"></line>
            <line number="320" hits="0"></line>
            <line number="321" hits="0"></line>
            <line number="322" hits="0"></line>
            <line number="323" hits="0"></line>
            <line number="327" hits="3"></line>
            <line number="328" hits="3"></line>
            <line number="329" hits="3"></line>
            <line number="330" hits="3"></line>
            <line number="331" hits="3"></line>
            <line number="332" hits="3"></line>
            <line number="368" hits="0"></line>
            <line number="369" hits="0"></line>
            <line number="370" hits="0"></line>
            <line number="371" hits="0"></line>
            <line number="372" hits="0"></line>
            <line number="373" hits="0"></line>
            <line number="374" hits="0"></line>
            <line number="375" hits="0"></line>
            <line number="377" hits="0"></line>
            <line number="378" hits="0"></line>
            <line number="379" hits="0"></line>
            <line number="380" hits="0"></line>
            <line number="381" hits="0"></line>
            <line number="382" hits="0"></line>
            <line number="383" hits="0"></line>
            <line number="384" hits="0"></line>
          </lines>
        </class>
      </classes>
    </package>
  </packages>
</coverage>
