<?xml version="1.0" encoding="UTF-8"?>
<testsuites>
  <testsuite name="testsuite1" timestamp="2023-01-19T16:20:10Z" hostname="e3ab08c8a5fd" tests="4" skipped="0" failures="0" errors="2" time="1.25">
    <testcase time="0.85" classname="testsuite1" name="testcase1"/>
  </testsuite>
  <testsuite name="testsuite2" timestamp="2023-01-19T16:20:10Z" hostname="e3ab08c8a5fd" tests="4" skipped="0" failures="3" errors="0" time="2.25">
    <testcase time="5.15" classname="testsuite2" name="testcase2"/>
  </testsuite>
  <testsuite name="testsuite3" timestamp="2023-01-19T16:20:10Z" hostname="e3ab08c8a5fd" tests="4" skipped="0" failures="3" errors="0" time="3.25">
    <testcase time="0.25" classname="testsuite3" name="testcase3"/>
  </testsuite>
  <testsuite name="testsuite4" timestamp="2023-01-19T16:20:10Z" hostname="e3ab08c8a5fd" tests="4" skipped="0" failures="0" errors="2" time="1.25">
    <testcase time="0.85" classname="testsuite1" name="testcase4"/>
  </testsuite>
  <testsuite name="testsuite5" timestamp="2023-01-19T16:20:10Z" hostname="e3ab08c8a5fd" tests="4" skipped="0" failures="3" errors="0" time="2.25">
    <testcase time="5.15" classname="testsuite2" name="testcase5"/>
  </testsuite>
  <testsuite name="testsuite6" timestamp="2023-01-19T16:20:10Z" hostname="e3ab08c8a5fd" tests="4" skipped="0" failures="3" errors="0" time="3.25">
    <testcase time="0.25" classname="testsuite3" name="testcase6"/>
  </testsuite>
  <testsuite name="testsuite7" timestamp="2023-01-19T16:20:10Z" hostname="e3ab08c8a5fd" tests="4" skipped="0" failures="0" errors="2" time="1.25">
    <testcase time="0.85" classname="testsuite1" name="testcase7"/>
  </testsuite>
  <testsuite name="testsuite8" timestamp="2023-01-19T16:20:10Z" hostname="e3ab08c8a5fd" tests="4" skipped="0" failures="3" errors="0" time="2.25">
    <testcase time="5.15" classname="testsuite2" name="testcase8"/>
  </testsuite>
  <testsuite name="testsuite9" timestamp="2023-01-19T16:20:10Z" hostname="e3ab08c8a5fd" tests="4" skipped="0" failures="3" errors="0" time="3.25">
    <testcase time="0.25" classname="testsuite3" name="testcase9"/>
  </testsuite>
  <testsuite name="testsuite10" timestamp="2023-01-19T16:20:10Z" hostname="e3ab08c8a5fd" tests="4" skipped="0" failures="0" errors="2" time="1.25">
    <testcase time="0.85" classname="testsuite1" name="testcase10"/>
  </testsuite>
  <testsuite name="testsuite11" timestamp="2023-01-19T16:20:10Z" hostname="e3ab08c8a5fd" tests="4" skipped="0" failures="3" errors="0" time="2.25">
    <testcase time="5.15" classname="testsuite2" name="testcase11"/>
  </testsuite>
  <testsuite name="testsuite12" timestamp="2023-01-19T16:20:10Z" hostname="e3ab08c8a5fd" tests="4" skipped="0" failures="3" errors="0" time="3.25">
    <testcase time="0.25" classname="testsuite3" name="testcase12"/>
  </testsuite>
  <testsuite name="testsuite13" timestamp="2023-01-19T16:20:10Z" hostname="e3ab08c8a5fd" tests="4" skipped="0" failures="0" errors="2" time="1.25">
    <testcase time="0.85" classname="testsuite1" name="testcase13"/>
  </testsuite>
  <testsuite name="testsuite14" timestamp="2023-01-19T16:20:10Z" hostname="e3ab08c8a5fd" tests="4" skipped="0" failures="3" errors="0" time="2.25">
    <testcase time="5.15" classname="testsuite2" name="testcase14"/>
  </testsuite>
  <testsuite name="testsuite15" timestamp="2023-01-19T16:20:10Z" hostname="e3ab08c8a5fd" tests="4" skipped="0" failures="3" errors="0" time="3.25">
    <testcase time="0.25" classname="testsuite3" name="testcase15"/>
  </testsuite>
  <testsuite name="testsuite16" timestamp="2023-01-19T16:20:10Z" hostname="e3ab08c8a5fd" tests="4" skipped="0" failures="3" errors="0" time="3.25">
    <testcase time="0.25" classname="testsuite3" name="testcase16"/>
  </testsuite>
  <testsuite name="testsuite17" timestamp="2023-01-19T16:20:10Z" hostname="e3ab08c8a5fd" tests="4" skipped="0" failures="3" errors="0" time="3.25">
    <testcase time="0.25" classname="testsuite3" name="testcase17"/>
  </testsuite>
  <testsuite name="testsuite18" timestamp="2023-01-19T16:20:10Z" hostname="e3ab08c8a5fd" tests="4" skipped="0" failures="3" errors="0" time="53.25">
    <testcase time="0.25" classname="testsuite3" name="testcase18"/>
  </testsuite>
  <testsuite name="testsuite19" timestamp="2023-01-19T16:20:10Z" hostname="e3ab08c8a5fd" tests="4" skipped="0" failures="3" errors="0" time="53.25">
    <testcase time="0.25" classname="testsuite3" name="testcase19"/>
  </testsuite>
  <testsuite name="testsuite20" timestamp="2023-01-19T16:20:10Z" hostname="e3ab08c8a5fd" tests="4" skipped="0" failures="3" errors="0" time="43.25">
    <testcase time="0.25" classname="testsuite3" name="testcase20"/>
  </testsuite>
  <testsuite name="testsuite21" timestamp="2023-01-19T16:20:10Z" hostname="e3ab08c8a5fd" tests="4" skipped="0" failures="3" errors="0" time="43.25">
    <testcase time="0.25" classname="testsuite3" name="testcase21"/>
  </testsuite>
</testsuites>
